c:\users\apex\desktop\mud_project\mud_project_joohayean\mud_project_joohayean\x64\debug\vc145.pdb
c:\users\apex\desktop\mud_project\mud_project_joohayean\mud_project_joohayean\x64\debug\vc145.idb
c:\users\apex\desktop\mud_project\mud_project_joohayean\mud_project_joohayean\x64\debug\player.obj
c:\users\apex\desktop\mud_project\mud_project_joohayean\mud_project_joohayean\x64\debug\mud_project_joohayean.obj
c:\users\apex\desktop\mud_project\mud_project_joohayean\mud_project_joohayean\x64\debug\monster.obj
c:\users\apex\desktop\mud_project\mud_project_joohayean\mud_project_joohayean\x64\debug\map.obj
c:\users\apex\desktop\mud_project\mud_project_joohayean\mud_project_joohayean\x64\debug\main.obj
c:\users\apex\desktop\mud_project\mud_project_joohayean\mud_project_joohayean\x64\debug\game.obj
c:\users\apex\desktop\mud_project\mud_project_joohayean\mud_project_joohayean\x64\debug\entity.obj
c:\users\apex\desktop\mud_project\mud_project_joohayean\x64\debug\mud_project_joohayean.exe
c:\users\apex\desktop\mud_project\mud_project_joohayean\x64\debug\mud_project_joohayean.pdb
c:\users\apex\desktop\mud_project\mud_project_joohayean\mud_project_joohayean\x64\debug\mud_project_joohayean.ilk
c:\users\apex\desktop\mud_project\mud_project_joohayean\mud_project_joohayean\x64\debug\mud_proj.88beefc4.tlog\cl.command.1.tlog
c:\users\apex\desktop\mud_project\mud_project_joohayean\mud_project_joohayean\x64\debug\mud_proj.88beefc4.tlog\cl.items.tlog
c:\users\apex\desktop\mud_project\mud_project_joohayean\mud_project_joohayean\x64\debug\mud_proj.88beefc4.tlog\cl.read.1.tlog
c:\users\apex\desktop\mud_project\mud_project_joohayean\mud_project_joohayean\x64\debug\mud_proj.88beefc4.tlog\cl.write.1.tlog
c:\users\apex\desktop\mud_project\mud_project_joohayean\mud_project_joohayean\x64\debug\mud_proj.88beefc4.tlog\link.command.1.tlog
c:\users\apex\desktop\mud_project\mud_project_joohayean\mud_project_joohayean\x64\debug\mud_proj.88beefc4.tlog\link.read.1.tlog
c:\users\apex\desktop\mud_project\mud_project_joohayean\mud_project_joohayean\x64\debug\mud_proj.88beefc4.tlog\link.secondary.1.tlog
c:\users\apex\desktop\mud_project\mud_project_joohayean\mud_project_joohayean\x64\debug\mud_proj.88beefc4.tlog\link.write.1.tlog
